<?xml version="1.0" encoding="UTF-8"?>
<testng-results ignored="0" total="2" passed="2" failed="0" skipped="0">
  <reporter-output>
  </reporter-output>
  <suite started-at="2023-12-12T23:05:36 EST" name="Default suite" finished-at="2023-12-12T23:05:49 EST" duration-ms="12512">
    <groups>
    </groups>
    <test started-at="2023-12-12T23:05:36 EST" name="Default test" finished-at="2023-12-12T23:05:49 EST" duration-ms="12512">
      <class name="testCases.RecipesTest">
        <test-method is-config="true" signature="setup()[pri:0, instance:testCases.RecipesTest@243c4f91]" started-at="2023-12-12T23:05:36 EST" name="setup" finished-at="2023-12-12T23:05:39 EST" duration-ms="2398" status="PASS">
          <reporter-output>
          </reporter-output>
        </test-method> <!-- setup -->
        <test-method signature="getUrl()[pri:1, instance:testCases.RecipesTest@243c4f91]" started-at="2023-12-12T23:05:39 EST" name="getUrl" finished-at="2023-12-12T23:05:45 EST" duration-ms="6146" status="PASS">
          <reporter-output>
          </reporter-output>
        </test-method> <!-- getUrl -->
        <test-method signature="Pagination()[pri:2, instance:testCases.RecipesTest@243c4f91]" started-at="2023-12-12T23:05:45 EST" name="Pagination" finished-at="2023-12-12T23:05:49 EST" duration-ms="3931" status="PASS">
          <reporter-output>
          </reporter-output>
        </test-method> <!-- Pagination -->
      </class> <!-- testCases.RecipesTest -->
    </test> <!-- Default test -->
  </suite> <!-- Default suite -->
</testng-results>
