<?xml version="1.0" encoding="UTF-8"?>
<testng-results ignored="0" total="2" passed="1" failed="1" skipped="0">
  <reporter-output>
  </reporter-output>
  <suite started-at="2023-12-16T19:05:08 EST" name="Default suite" finished-at="2023-12-16T19:05:51 EST" duration-ms="43519">
    <groups>
    </groups>
    <test started-at="2023-12-16T19:05:08 EST" name="Default test" finished-at="2023-12-16T19:05:51 EST" duration-ms="43519">
      <class name="testCases.RecipesTest">
        <test-method is-config="true" signature="setup()[pri:0, instance:testCases.RecipesTest@47af7f3d]" started-at="2023-12-16T19:05:08 EST" name="setup" finished-at="2023-12-16T19:05:11 EST" duration-ms="2591" status="PASS">
          <reporter-output>
          </reporter-output>
        </test-method> <!-- setup -->
        <test-method signature="getUrl()[pri:1, instance:testCases.RecipesTest@47af7f3d]" started-at="2023-12-16T19:05:11 EST" name="getUrl" finished-at="2023-12-16T19:05:13 EST" duration-ms="2938" status="PASS">
          <reporter-output>
          </reporter-output>
        </test-method> <!-- getUrl -->
        <test-method signature="Pagination()[pri:2, instance:testCases.RecipesTest@47af7f3d]" started-at="2023-12-16T19:05:13 EST" name="Pagination" finished-at="2023-12-16T19:05:51 EST" duration-ms="37966" status="FAIL">
          <exception class="java.lang.Error">
            <message>
              <![CDATA[Unresolved compilation problems: 
methodName cannot be resolved to a variable
methodName cannot be resolved to a variable
]]>
            </message>
            <full-stacktrace>
              <![CDATA[java.lang.Error: Unresolved compilation problems: 
methodName cannot be resolved to a variable
methodName cannot be resolved to a variable

at pageObject.RecipeDetailsPage.preparationMethod(RecipeDetailsPage.java:66)
at testCases.RecipesTest.Pagination(RecipesTest.java:67)
at java.base/jdk.internal.reflect.DirectMethodHandleAccessor.invoke(DirectMethodHandleAccessor.java:103)
at java.base/java.lang.reflect.Method.invoke(Method.java:580)
at org.testng.internal.MethodInvocationHelper.invokeMethod(MethodInvocationHelper.java:133)
at org.testng.internal.TestInvoker.invokeMethod(TestInvoker.java:598)
at org.testng.internal.TestInvoker.invokeTestMethod(TestInvoker.java:173)
at org.testng.internal.MethodRunner.runInSequence(MethodRunner.java:46)
at org.testng.internal.TestInvoker$MethodInvocationAgent.invoke(TestInvoker.java:824)
at org.testng.internal.TestInvoker.invokeTestMethods(TestInvoker.java:146)
at org.testng.internal.TestMethodWorker.invokeTestMethods(TestMethodWorker.java:146)
at org.testng.internal.TestMethodWorker.run(TestMethodWorker.java:128)
at java.base/java.util.ArrayList.forEach(ArrayList.java:1596)
at org.testng.TestRunner.privateRun(TestRunner.java:794)
at org.testng.TestRunner.run(TestRunner.java:596)
at org.testng.SuiteRunner.runTest(SuiteRunner.java:377)
at org.testng.SuiteRunner.runSequentially(SuiteRunner.java:371)
at org.testng.SuiteRunner.privateRun(SuiteRunner.java:332)
at org.testng.SuiteRunner.run(SuiteRunner.java:276)
at org.testng.SuiteRunnerWorker.runSuite(SuiteRunnerWorker.java:53)
at org.testng.SuiteRunnerWorker.run(SuiteRunnerWorker.java:96)
at org.testng.TestNG.runSuitesSequentially(TestNG.java:1212)
at org.testng.TestNG.runSuitesLocally(TestNG.java:1134)
at org.testng.TestNG.runSuites(TestNG.java:1063)
at org.testng.TestNG.run(TestNG.java:1031)
at org.testng.remote.AbstractRemoteTestNG.run(AbstractRemoteTestNG.java:115)
at org.testng.remote.RemoteTestNG.initAndRun(RemoteTestNG.java:251)
at org.testng.remote.RemoteTestNG.main(RemoteTestNG.java:77)
]]>
            </full-stacktrace>
          </exception> <!-- java.lang.Error -->
          <reporter-output>
          </reporter-output>
        </test-method> <!-- Pagination -->
      </class> <!-- testCases.RecipesTest -->
    </test> <!-- Default test -->
  </suite> <!-- Default suite -->
</testng-results>
